[31mCMake Error at /opt/ros/jazzy-base/share/rosidl_adapter/cmake/rosidl_adapt_interfaces.cmake:57 (message):
  execute_process(/usr/bin/python3 -m rosidl_adapter --package-name
  custom_action_interfaces --arguments-file
  /home/javideus/robotsito/robotsito_ws/src/build/custom_action_interfaces/rosidl_adapter__arguments__custom_action_interfaces.json
  --output-dir
  /home/javideus/robotsito/robotsito_ws/src/build/custom_action_interfaces/rosidl_adapter/custom_action_interfaces
  --output-file
  /home/javideus/robotsito/robotsito_ws/src/build/custom_action_interfaces/rosidl_adapter/custom_action_interfaces.idls)
  returned error code 1:

  Traceback (most recent call last):

    File "<frozen runpy>", line 198, in _run_module_as_main
    File "<frozen runpy>", line 88, in _run_code
    File "/opt/ros/jazzy-base/lib/python3.12/site-packages/rosidl_adapter/__main__.py", line 19, in <module>
      sys.exit(main())
               ^^^^^^
    File "/opt/ros/jazzy-base/lib/python3.12/site-packages/rosidl_adapter/main.py", line 53, in main
      abs_idl_file = convert_to_idl(
                     ^^^^^^^^^^^^^^^
    File "/opt/ros/jazzy-base/lib/python3.12/site-packages/rosidl_adapter/__init__.py", line 29, in convert_to_idl
      return convert_action_to_idl(
             ^^^^^^^^^^^^^^^^^^^^^^
    File "/opt/ros/jazzy-base/lib/python3.12/site-packages/rosidl_adapter/action/__init__.py", line 28, in convert_action_to_idl
      action = parse_action_string(package_name, input_file.stem, content)
               ^^^^^^^^^^^^^^^^^^^^^^^^^^^^^^^^^^^^^^^^^^^^^^^^^^^^^^^^^^^
    File "/opt/ros/jazzy-base/lib/python3.12/site-packages/rosidl_adapter/parser.py", line 895, in parse_action_string
      raise InvalidActionSpecification(

  rosidl_adapter.parser.InvalidActionSpecification: Number of '---'
  separators nonconformant with action definition

Call Stack (most recent call first):
  /opt/ros/jazzy-base/share/rosidl_cmake/cmake/rosidl_generate_interfaces.cmake:132 (rosidl_adapt_interfaces)
  CMakeLists.txt:12 (rosidl_generate_interfaces)

[0m
