[0.025s] Invoking command in '/home/javideus/robotsito/robotsito_ws/src/build/custom_action_interfaces': DEBUGINFOD_URLS=https://debuginfod.archlinux.org _=/usr/bin/env /usr/bin/cmake /home/javideus/robotsito/robotsito_ws/src/custom_action_interfaces -DCMAKE_INSTALL_PREFIX=/home/javideus/robotsito/robotsito_ws/src/install/custom_action_interfaces
[0.404s] -- The C compiler identification is GNU 14.1.1
[0.739s] -- The CXX compiler identification is GNU 14.1.1
[0.765s] -- Detecting C compiler ABI info
[0.929s] -- Detecting C compiler ABI info - done
[0.949s] -- Check for working C compiler: /usr/bin/cc - skipped
[0.950s] -- Detecting C compile features
[0.951s] -- Detecting C compile features - done
[0.957s] -- Detecting CXX compiler ABI info
[1.124s] -- Detecting CXX compiler ABI info - done
[1.146s] -- Check for working CXX compiler: /usr/bin/c++ - skipped
[1.146s] -- Detecting CXX compile features
[1.147s] -- Detecting CXX compile features - done
[1.156s] -- Found ament_cmake: 2.5.0 (/opt/ros/jazzy-base/share/ament_cmake/cmake)
[1.347s] -- Found Python3: /usr/bin/python3 (found version "3.12.3") found components: Interpreter
[1.522s] -- Found rosidl_default_generators: 1.6.0 (/opt/ros/jazzy-base/share/rosidl_default_generators/cmake)
[1.531s] -- Using all available rosidl_typesupport_c: rosidl_typesupport_fastrtps_c;rosidl_typesupport_introspection_c
[1.614s] -- Using all available rosidl_typesupport_cpp: rosidl_typesupport_fastrtps_cpp;rosidl_typesupport_introspection_cpp
[1.685s] -- Found rosidl_adapter: 4.6.2 (/opt/ros/jazzy-base/share/rosidl_adapter/cmake)
[1.945s] [31mCMake Error at /opt/ros/jazzy-base/share/rosidl_adapter/cmake/rosidl_adapt_interfaces.cmake:57 (message):
[1.945s]   execute_process(/usr/bin/python3 -m rosidl_adapter --package-name
[1.945s]   custom_action_interfaces --arguments-file
[1.945s]   /home/javideus/robotsito/robotsito_ws/src/build/custom_action_interfaces/rosidl_adapter__arguments__custom_action_interfaces.json
[1.946s]   --output-dir
[1.946s]   /home/javideus/robotsito/robotsito_ws/src/build/custom_action_interfaces/rosidl_adapter/custom_action_interfaces
[1.946s]   --output-file
[1.946s]   /home/javideus/robotsito/robotsito_ws/src/build/custom_action_interfaces/rosidl_adapter/custom_action_interfaces.idls)
[1.946s]   returned error code 1:
[1.946s] 
[1.946s]   Traceback (most recent call last):
[1.946s] 
[1.946s]     File "<frozen runpy>", line 198, in _run_module_as_main
[1.947s]     File "<frozen runpy>", line 88, in _run_code
[1.947s]     File "/opt/ros/jazzy-base/lib/python3.12/site-packages/rosidl_adapter/__main__.py", line 19, in <module>
[1.947s]       sys.exit(main())
[1.947s]                ^^^^^^
[1.947s]     File "/opt/ros/jazzy-base/lib/python3.12/site-packages/rosidl_adapter/main.py", line 53, in main
[1.947s]       abs_idl_file = convert_to_idl(
[1.947s]                      ^^^^^^^^^^^^^^^
[1.947s]     File "/opt/ros/jazzy-base/lib/python3.12/site-packages/rosidl_adapter/__init__.py", line 29, in convert_to_idl
[1.947s]       return convert_action_to_idl(
[1.947s]              ^^^^^^^^^^^^^^^^^^^^^^
[1.947s]     File "/opt/ros/jazzy-base/lib/python3.12/site-packages/rosidl_adapter/action/__init__.py", line 28, in convert_action_to_idl
[1.948s]       action = parse_action_string(package_name, input_file.stem, content)
[1.948s]                ^^^^^^^^^^^^^^^^^^^^^^^^^^^^^^^^^^^^^^^^^^^^^^^^^^^^^^^^^^^
[1.948s]     File "/opt/ros/jazzy-base/lib/python3.12/site-packages/rosidl_adapter/parser.py", line 895, in parse_action_string
[1.948s]       raise InvalidActionSpecification(
[1.948s] 
[1.948s]   rosidl_adapter.parser.InvalidActionSpecification: Number of '---'
[1.948s]   separators nonconformant with action definition
[1.948s] 
[1.948s] Call Stack (most recent call first):
[1.948s]   /opt/ros/jazzy-base/share/rosidl_cmake/cmake/rosidl_generate_interfaces.cmake:132 (rosidl_adapt_interfaces)
[1.948s]   CMakeLists.txt:12 (rosidl_generate_interfaces)
[1.948s] 
[1.948s] [0m
[1.949s] -- Configuring incomplete, errors occurred!
[1.956s] Invoked command in '/home/javideus/robotsito/robotsito_ws/src/build/custom_action_interfaces' returned '1': DEBUGINFOD_URLS=https://debuginfod.archlinux.org _=/usr/bin/env /usr/bin/cmake /home/javideus/robotsito/robotsito_ws/src/custom_action_interfaces -DCMAKE_INSTALL_PREFIX=/home/javideus/robotsito/robotsito_ws/src/install/custom_action_interfaces
