[0.000000] (-) TimerEvent: {}
[0.000729] (-) JobUnselected: {'identifier': 'servos_node'}
[0.000803] (custom_action_interfaces) JobQueued: {'identifier': 'custom_action_interfaces', 'dependencies': OrderedDict()}
[0.001936] (custom_action_interfaces) JobStarted: {'identifier': 'custom_action_interfaces'}
[0.024643] (custom_action_interfaces) JobProgress: {'identifier': 'custom_action_interfaces', 'progress': 'cmake'}
[0.025354] (custom_action_interfaces) Command: {'cmd': ['/usr/bin/cmake', '/home/javideus/robotsito/robotsito_ws/src/custom_action_interfaces', '-DCMAKE_INSTALL_PREFIX=/home/javideus/robotsito/robotsito_ws/src/install/custom_action_interfaces'], 'cwd': '/home/javideus/robotsito/robotsito_ws/src/build/custom_action_interfaces', 'env': OrderedDict({'SHELL': '/usr/bin/bash', 'ROS_VERSION': '2', 'COLORTERM': 'truecolor', 'HYPRLAND_CMD': 'Hyprland', 'CSF_MDTVTexturesDirectory': '/usr/share/opencascade/resources/Textures', 'XDG_BACKEND': 'wayland', 'CSF_DrawPluginDefaults': '/usr/share/opencascade/resources/DrawResources', 'PKG_CONFIG_PATH': '/opt/ros/jazzy-base/lib/pkgconfig', 'ROS_PYTHON_VERSION': '3', 'CSF_LANGUAGE': 'us', 'CSF_MIGRATION_TYPES': '/usr/share/opencascade/resources/StdResource/MigrationSheet.txt', 'CREDENTIALS_DIRECTORY': '/run/credentials/getty@tty1.service', 'MEMORY_PRESSURE_WRITE': 'c29tZSAyMDAwMDAgMjAwMDAwMAA=', 'HL_INITIAL_WORKSPACE_TOKEN': '53d975a2-50dd-49cb-b85e-7600bcb18029', 'CSF_OCCTResourcePath': '/usr/share/opencascade/resources', 'KITTY_PID': '41708', 'CSF_STEPDefaults': '/usr/share/opencascade/resources/XSTEPResource', 'EDITOR': 'vim', 'XDG_SEAT': 'seat0', 'PWD': '/home/javideus/robotsito/robotsito_ws/src/build/custom_action_interfaces', 'LOGNAME': 'javideus', 'XDG_SESSION_TYPE': 'wayland', 'DRAWHOME': '/usr/share/opencascade/resources/DrawResources', 'ROS_DOMAIN_ID': '99', 'SYSTEMD_EXEC_PID': '1114', 'CSF_StandardLiteDefaults': '/usr/share/opencascade/resources/StdResource', 'KITTY_PUBLIC_KEY': '1:?q%fbgyG>D@?f>Gy=|#=vWZMh!8-;ItlS$I!Y3vj', 'MOTD_SHOWN': 'pam', 'HOME': '/home/javideus', 'LANG': 'en_US.UTF-8', '_JAVA_AWT_WM_NONREPARENTING': '1', 'XDG_CURRENT_DESKTOP': 'Hyprland', 'MEMORY_PRESSURE_WATCH': '/sys/fs/cgroup/system.slice/system-getty.slice/getty@tty1.service/memory.pressure', 'WAYLAND_DISPLAY': 'wayland-1', 'KITTY_WINDOW_ID': '1', 'AMENT_PREFIX_PATH': '/opt/ros/jazzy-base', 'CMAKE_PREFIX_PATH': '/opt/ros/jazzy-base/opt/yaml_cpp_vendor:/opt/ros/jazzy-base', 'ROS_AUTOMATIC_DISCOVERY_RANGE': 'SUBNET', 'COLCON_PREFIX_PATH': '/opt/ros/jazzy-base', 'INVOCATION_ID': '0da8fdb704694bfb9b39d3e60220231f', 'CSF_ShadersDirectory': '/usr/share/opencascade/resources/Shaders', 'CSF_EXCEPTION_PROMPT': '1', 'CSF_XmlOcafResource': '/usr/share/opencascade/resources/XmlOcafResource', 'CSF_SHMessage': '/usr/share/opencascade/resources/SHMessage', 'XDG_SESSION_CLASS': 'user', 'PYTHONPATH': '/opt/ros/jazzy-base/lib/python3.12/site-packages', 'COLCON': '1', 'TERM': 'xterm-kitty', 'TERMINFO': '/usr/lib/kitty/terminfo', 'USER': 'javideus', 'CUDA_PATH': '/opt/cuda', 'CSF_StandardDefaults': '/usr/share/opencascade/resources/StdResource', 'CSF_IGESDefaults': '/usr/share/opencascade/resources/XSTEPResource', 'HYPRLAND_INSTANCE_SIGNATURE': 'ebf258788e46cd0320fb17138ba413f719180418_1718320121_22355535', 'VISUAL': 'vim', 'DISPLAY': ':0', 'CSF_XCAFDefaults': '/usr/share/opencascade/resources/StdResource', 'SHLVL': '2', 'MOZ_ENABLE_WAYLAND': '1', 'XDG_VTNR': '1', 'CSF_PluginDefaults': '/usr/share/opencascade/resources/StdResource', 'CSF_TObjMessage': '/usr/share/opencascade/resources/TObj', 'XDG_SESSION_ID': '1', 'CASROOT': '/usr', 'LD_LIBRARY_PATH': '/opt/ros/jazzy-base/opt/yaml_cpp_vendor/lib:/opt/ros/jazzy-base/opt/mimick_vendor/lib:/opt/ros/jazzy-base/lib', 'XDG_RUNTIME_DIR': '/run/user/1000', 'MKLROOT': '/opt/intel/oneapi/mkl/latest', 'NVCC_CCBIN': '/usr/bin/g++-13', 'DEBUGINFOD_URLS': 'https://debuginfod.archlinux.org', 'CSF_XSMessage': '/usr/share/opencascade/resources/XSMessage', 'MMGT_CLEAR': '1', 'PATH': '/opt/ros/jazzy-base/opt/uncrustify_vendor/bin:/opt/ros/jazzy-base/bin:/usr/local/sbin:/usr/local/bin:/usr/bin:/opt/cuda/bin:/opt/cuda/nsight_compute:/opt/cuda/nsight_systems/bin:/usr/lib/jvm/default/bin:/usr/bin/site_perl:/usr/bin/vendor_perl:/usr/bin/core_perl', 'CSF_TObjDefaults': '/usr/share/opencascade/resources/StdResource', 'DBUS_SESSION_BUS_ADDRESS': 'unix:path=/run/user/1000/bus', 'MAIL': '/var/spool/mail/javideus', 'DRAWDEFAULT': '/usr/share/opencascade/resources/DrawResources/DrawDefault', 'ROS_DISTRO': 'jazzy', 'KITTY_INSTALLATION_DIR': '/usr/lib/kitty', 'OLDPWD': '/home/javideus/robotsito/robotsito_ws/src/custom_action_interfaces', '_': '/usr/bin/env'}), 'shell': False}
[0.100041] (-) TimerEvent: {}
[0.200529] (-) TimerEvent: {}
[0.301038] (-) TimerEvent: {}
[0.401554] (-) TimerEvent: {}
[0.405508] (custom_action_interfaces) StdoutLine: {'line': b'-- The C compiler identification is GNU 14.1.1\n'}
[0.501756] (-) TimerEvent: {}
[0.602314] (-) TimerEvent: {}
[0.702821] (-) TimerEvent: {}
[0.740424] (custom_action_interfaces) StdoutLine: {'line': b'-- The CXX compiler identification is GNU 14.1.1\n'}
[0.766736] (custom_action_interfaces) StdoutLine: {'line': b'-- Detecting C compiler ABI info\n'}
[0.802967] (-) TimerEvent: {}
[0.903440] (-) TimerEvent: {}
[0.931064] (custom_action_interfaces) StdoutLine: {'line': b'-- Detecting C compiler ABI info - done\n'}
[0.951147] (custom_action_interfaces) StdoutLine: {'line': b'-- Check for working C compiler: /usr/bin/cc - skipped\n'}
[0.951804] (custom_action_interfaces) StdoutLine: {'line': b'-- Detecting C compile features\n'}
[0.952759] (custom_action_interfaces) StdoutLine: {'line': b'-- Detecting C compile features - done\n'}
[0.959071] (custom_action_interfaces) StdoutLine: {'line': b'-- Detecting CXX compiler ABI info\n'}
[1.003594] (-) TimerEvent: {}
[1.104005] (-) TimerEvent: {}
[1.125297] (custom_action_interfaces) StdoutLine: {'line': b'-- Detecting CXX compiler ABI info - done\n'}
[1.147322] (custom_action_interfaces) StdoutLine: {'line': b'-- Check for working CXX compiler: /usr/bin/c++ - skipped\n'}
[1.147934] (custom_action_interfaces) StdoutLine: {'line': b'-- Detecting CXX compile features\n'}
[1.148704] (custom_action_interfaces) StdoutLine: {'line': b'-- Detecting CXX compile features - done\n'}
[1.157792] (custom_action_interfaces) StdoutLine: {'line': b'-- Found ament_cmake: 2.5.0 (/opt/ros/jazzy-base/share/ament_cmake/cmake)\n'}
[1.204119] (-) TimerEvent: {}
[1.304456] (-) TimerEvent: {}
[1.348936] (custom_action_interfaces) StdoutLine: {'line': b'-- Found Python3: /usr/bin/python3 (found version "3.12.3") found components: Interpreter\n'}
[1.404614] (-) TimerEvent: {}
[1.505069] (-) TimerEvent: {}
[1.523905] (custom_action_interfaces) StdoutLine: {'line': b'-- Found rosidl_default_generators: 1.6.0 (/opt/ros/jazzy-base/share/rosidl_default_generators/cmake)\n'}
[1.532594] (custom_action_interfaces) StdoutLine: {'line': b'-- Using all available rosidl_typesupport_c: rosidl_typesupport_fastrtps_c;rosidl_typesupport_introspection_c\n'}
[1.605201] (-) TimerEvent: {}
[1.616160] (custom_action_interfaces) StdoutLine: {'line': b'-- Using all available rosidl_typesupport_cpp: rosidl_typesupport_fastrtps_cpp;rosidl_typesupport_introspection_cpp\n'}
[1.686319] (custom_action_interfaces) StdoutLine: {'line': b'-- Found rosidl_adapter: 4.6.2 (/opt/ros/jazzy-base/share/rosidl_adapter/cmake)\n'}
[1.705342] (-) TimerEvent: {}
[1.805667] (-) TimerEvent: {}
[1.906140] (-) TimerEvent: {}
[1.946524] (custom_action_interfaces) StderrLine: {'line': b'\x1b[31mCMake Error at /opt/ros/jazzy-base/share/rosidl_adapter/cmake/rosidl_adapt_interfaces.cmake:57 (message):\n'}
[1.946911] (custom_action_interfaces) StderrLine: {'line': b'  execute_process(/usr/bin/python3 -m rosidl_adapter --package-name\n'}
[1.947137] (custom_action_interfaces) StderrLine: {'line': b'  custom_action_interfaces --arguments-file\n'}
[1.947308] (custom_action_interfaces) StderrLine: {'line': b'  /home/javideus/robotsito/robotsito_ws/src/build/custom_action_interfaces/rosidl_adapter__arguments__custom_action_interfaces.json\n'}
[1.947469] (custom_action_interfaces) StderrLine: {'line': b'  --output-dir\n'}
[1.947728] (custom_action_interfaces) StderrLine: {'line': b'  /home/javideus/robotsito/robotsito_ws/src/build/custom_action_interfaces/rosidl_adapter/custom_action_interfaces\n'}
[1.947858] (custom_action_interfaces) StderrLine: {'line': b'  --output-file\n'}
[1.947940] (custom_action_interfaces) StderrLine: {'line': b'  /home/javideus/robotsito/robotsito_ws/src/build/custom_action_interfaces/rosidl_adapter/custom_action_interfaces.idls)\n'}
[1.948025] (custom_action_interfaces) StderrLine: {'line': b'  returned error code 1:\n'}
[1.948103] (custom_action_interfaces) StderrLine: {'line': b'\n'}
[1.948186] (custom_action_interfaces) StderrLine: {'line': b'  Traceback (most recent call last):\n'}
[1.948266] (custom_action_interfaces) StderrLine: {'line': b'\n'}
[1.948377] (custom_action_interfaces) StderrLine: {'line': b'    File "<frozen runpy>", line 198, in _run_module_as_main\n'}
[1.948479] (custom_action_interfaces) StderrLine: {'line': b'    File "<frozen runpy>", line 88, in _run_code\n'}
[1.948572] (custom_action_interfaces) StderrLine: {'line': b'    File "/opt/ros/jazzy-base/lib/python3.12/site-packages/rosidl_adapter/__main__.py", line 19, in <module>\n'}
[1.948674] (custom_action_interfaces) StderrLine: {'line': b'      sys.exit(main())\n'}
[1.948767] (custom_action_interfaces) StderrLine: {'line': b'               ^^^^^^\n'}
[1.948855] (custom_action_interfaces) StderrLine: {'line': b'    File "/opt/ros/jazzy-base/lib/python3.12/site-packages/rosidl_adapter/main.py", line 53, in main\n'}
[1.948934] (custom_action_interfaces) StderrLine: {'line': b'      abs_idl_file = convert_to_idl(\n'}
[1.949017] (custom_action_interfaces) StderrLine: {'line': b'                     ^^^^^^^^^^^^^^^\n'}
[1.949096] (custom_action_interfaces) StderrLine: {'line': b'    File "/opt/ros/jazzy-base/lib/python3.12/site-packages/rosidl_adapter/__init__.py", line 29, in convert_to_idl\n'}
[1.949179] (custom_action_interfaces) StderrLine: {'line': b'      return convert_action_to_idl(\n'}
[1.949266] (custom_action_interfaces) StderrLine: {'line': b'             ^^^^^^^^^^^^^^^^^^^^^^\n'}
[1.949363] (custom_action_interfaces) StderrLine: {'line': b'    File "/opt/ros/jazzy-base/lib/python3.12/site-packages/rosidl_adapter/action/__init__.py", line 28, in convert_action_to_idl\n'}
[1.949444] (custom_action_interfaces) StderrLine: {'line': b'      action = parse_action_string(package_name, input_file.stem, content)\n'}
[1.949531] (custom_action_interfaces) StderrLine: {'line': b'               ^^^^^^^^^^^^^^^^^^^^^^^^^^^^^^^^^^^^^^^^^^^^^^^^^^^^^^^^^^^\n'}
[1.949610] (custom_action_interfaces) StderrLine: {'line': b'    File "/opt/ros/jazzy-base/lib/python3.12/site-packages/rosidl_adapter/parser.py", line 895, in parse_action_string\n'}
[1.949686] (custom_action_interfaces) StderrLine: {'line': b'      raise InvalidActionSpecification(\n'}
[1.949765] (custom_action_interfaces) StderrLine: {'line': b'\n'}
[1.949843] (custom_action_interfaces) StderrLine: {'line': b"  rosidl_adapter.parser.InvalidActionSpecification: Number of '---'\n"}
[1.949919] (custom_action_interfaces) StderrLine: {'line': b'  separators nonconformant with action definition\n'}
[1.949996] (custom_action_interfaces) StderrLine: {'line': b'\n'}
[1.950071] (custom_action_interfaces) StderrLine: {'line': b'Call Stack (most recent call first):\n'}
[1.950147] (custom_action_interfaces) StderrLine: {'line': b'  /opt/ros/jazzy-base/share/rosidl_cmake/cmake/rosidl_generate_interfaces.cmake:132 (rosidl_adapt_interfaces)\n'}
[1.950223] (custom_action_interfaces) StderrLine: {'line': b'  CMakeLists.txt:12 (rosidl_generate_interfaces)\n'}
[1.950299] (custom_action_interfaces) StderrLine: {'line': b'\n'}
[1.950375] (custom_action_interfaces) StderrLine: {'line': b'\x1b[0m\n'}
[1.950452] (custom_action_interfaces) StdoutLine: {'line': b'-- Configuring incomplete, errors occurred!\n'}
[1.957173] (custom_action_interfaces) CommandEnded: {'returncode': 1}
[1.992286] (custom_action_interfaces) JobEnded: {'identifier': 'custom_action_interfaces', 'rc': 1}
[2.003191] (-) EventReactorShutdown: {}
